[Tue, 07 Feb 2017 09:14:43 +0000] [/security/wp-admin/admin.php?page=w3tc_general&w3tc_message=58999002f0e99] [http://pumpic.com/security/wp-admin/admin.php?page=w3tc_general&w3tc_message=58998fc08c851] skip processing because of generic constant
[Tue, 07 Feb 2017 09:14:54 +0000] [/security/wp-admin/admin.php?w3tc_default_previewing=y&page=w3tc_general&_wpnonce=d44d3dae10] [http://pumpic.com/security/wp-admin/admin.php?page=w3tc_general&w3tc_message=58999002f0e99] skip processing because of generic constant
[Tue, 07 Feb 2017 09:14:54 +0000] [/security/] [http://pumpic.com/security/wp-admin/admin.php?page=w3tc_general&w3tc_message=58999002f0e99] start, can_cache: false
[Tue, 07 Feb 2017 09:14:56 +0000] [/security/] [http://pumpic.com/security/wp-admin/admin.php?page=w3tc_general&w3tc_message=58999002f0e99] storing cached page: false original false reason User is logged in
[Tue, 07 Feb 2017 09:15:26 +0000] [/security/wp-admin/admin.php?page=w3tc_general&w3tc_config_preview_deploy&_wpnonce=d44d3dae10] [http://pumpic.com/security/wp-admin/admin.php?page=w3tc_general&w3tc_message=58999002f0e99] skip processing because of generic constant
[Tue, 07 Feb 2017 09:15:27 +0000] [/security/wp-admin/admin.php?page=w3tc_general&w3tc_note=preview_deploy] [http://pumpic.com/security/wp-admin/admin.php?page=w3tc_general&w3tc_message=58999002f0e99] skip processing because of generic constant
[Tue, 07 Feb 2017 09:15:27 +0000] [/security/w3tc_rewrite_test72390161] [-] start, can_cache: false
[Tue, 07 Feb 2017 09:15:39 +0000] [/security/wp-admin/admin.php?w3tc_flush_posts=y&page=w3tc_general&_wpnonce=d44d3dae10] [http://pumpic.com/security/wp-admin/admin.php?page=w3tc_general&w3tc_note=preview_deploy] skip processing because of generic constant
[Tue, 07 Feb 2017 09:15:39 +0000] [/security/wp-admin/admin.php?page=w3tc_general&w3tc_note=flush_pgcache] [http://pumpic.com/security/wp-admin/admin.php?page=w3tc_general&w3tc_note=preview_deploy] skip processing because of generic constant
[Tue, 07 Feb 2017 09:15:40 +0000] [/security/w3tc_rewrite_test1234733939] [-] start, can_cache: false
[Tue, 07 Feb 2017 09:15:45 +0000] [/security/] [-] start, can_cache: true
[Tue, 07 Feb 2017 09:15:45 +0000] [/security/] [-] no cache entry for pumpic.com/security/_index.html
[Tue, 07 Feb 2017 09:15:45 +0000] [/security/] [-] storing cached page: true original  true reason 
[Tue, 07 Feb 2017 09:15:56 +0000] [/security/pumpic-icloud-solution-supports-ios-10-2-1-without-jailbreak/] [http://pumpic.com/security/] start, can_cache: true
[Tue, 07 Feb 2017 09:15:56 +0000] [/security/pumpic-icloud-solution-supports-ios-10-2-1-without-jailbreak/] [http://pumpic.com/security/] no cache entry for pumpic.com/security/pumpic-icloud-solution-supports-ios-10-2-1-without-jailbreak/_index.html
[Tue, 07 Feb 2017 09:15:57 +0000] [/security/pumpic-icloud-solution-supports-ios-10-2-1-without-jailbreak/] [http://pumpic.com/security/] storing cached page: true original  true reason 
[Tue, 07 Feb 2017 09:15:59 +0000] [/security/pumpic-icloud-solution-supports-ios-10-2-1-without-jailbreak/?cf_action=sync_comments&post_id=3596] [http://pumpic.com/security/pumpic-icloud-solution-supports-ios-10-2-1-without-jailbreak/] start, can_cache: false
[Tue, 07 Feb 2017 09:15:59 +0000] [/security/pumpic-icloud-solution-supports-ios-10-2-1-without-jailbreak/?cf_action=sync_comments&post_id=3596] [http://pumpic.com/security/pumpic-icloud-solution-supports-ios-10-2-1-without-jailbreak/] storing cached page: false original false reason Requested URI contains query
[Tue, 07 Feb 2017 09:16:19 +0000] [/security/wp-content/plugins/wp-paginate/wp-paginate.css?ver=1.3.1] [https://www.google.com/] start, can_cache: false
[Tue, 07 Feb 2017 09:16:19 +0000] [/security/is-spying-on-text-messages-illegal/] [https://www.google.com/] start, can_cache: true
[Tue, 07 Feb 2017 09:16:19 +0000] [/security/is-spying-on-text-messages-illegal/] [https://www.google.com/] no cache entry for pumpic.com/security/is-spying-on-text-messages-illegal/_index.html
[Tue, 07 Feb 2017 09:16:19 +0000] [/security/wp-content/plugins/wp-paginate/wp-paginate.css?ver=1.3.1] [https://www.google.com/] storing cached page: false original false reason Requested URI contains query
[Tue, 07 Feb 2017 09:16:19 +0000] [/security/is-spying-on-text-messages-illegal/] [https://www.google.com/] storing cached page: true original  true reason 
[Tue, 07 Feb 2017 09:16:23 +0000] [/security/wp-admin/admin.php?page=w3tc_general] [http://pumpic.com/security/wp-admin/admin.php?page=w3tc_general&w3tc_note=flush_pgcache] skip processing because of generic constant
